<?xml version="1.0" encoding="UTF-8"?>
<!-- Generated by org.testng.reporters.JUnitReportReporter -->
<testsuite skipped="0" hostname="Ankur" name="org.tyss.Demo" tests="1" failures="0" timestamp="22 Jul 2019 06:10:14 GMT" time="0.030" errors="0">
  <testcase name="DemoT" time="0.030" classname="org.tyss.Demo"/>
</testsuite> <!-- org.tyss.Demo -->
